<?xml version="1.0" encoding="UTF-8"?>
<testsuite name="com.me.angelorum.demo.DemoConfigmapApplicationTests" tests="1" skipped="0" failures="0" errors="0" timestamp="2020-10-16T06:24:10" hostname="MBP.local" time="0.365">
  <properties/>
  <testcase name="contextLoads()" classname="com.me.angelorum.demo.DemoConfigmapApplicationTests" time="0.365"/>
  <system-out><![CDATA[01:24:03.141 [Test worker] DEBUG org.springframework.test.context.BootstrapUtils - Instantiating CacheAwareContextLoaderDelegate from class [org.springframework.test.context.cache.DefaultCacheAwareContextLoaderDelegate]
01:24:03.156 [Test worker] DEBUG org.springframework.test.context.BootstrapUtils - Instantiating BootstrapContext using constructor [public org.springframework.test.context.support.DefaultBootstrapContext(java.lang.Class,org.springframework.test.context.CacheAwareContextLoaderDelegate)]
01:24:03.187 [Test worker] DEBUG org.springframework.test.context.BootstrapUtils - Instantiating TestContextBootstrapper for test class [com.me.angelorum.demo.DemoConfigmapApplicationTests] from class [org.springframework.boot.test.context.SpringBootTestContextBootstrapper]
01:24:03.204 [Test worker] INFO org.springframework.boot.test.context.SpringBootTestContextBootstrapper - Neither @ContextConfiguration nor @ContextHierarchy found for test class [com.me.angelorum.demo.DemoConfigmapApplicationTests], using SpringBootContextLoader
01:24:03.209 [Test worker] DEBUG org.springframework.test.context.support.AbstractContextLoader - Did not detect default resource location for test class [com.me.angelorum.demo.DemoConfigmapApplicationTests]: class path resource [com/me/angelorum/demo/DemoConfigmapApplicationTests-context.xml] does not exist
01:24:03.210 [Test worker] DEBUG org.springframework.test.context.support.AbstractContextLoader - Did not detect default resource location for test class [com.me.angelorum.demo.DemoConfigmapApplicationTests]: class path resource [com/me/angelorum/demo/DemoConfigmapApplicationTestsContext.groovy] does not exist
01:24:03.210 [Test worker] INFO org.springframework.test.context.support.AbstractContextLoader - Could not detect default resource locations for test class [com.me.angelorum.demo.DemoConfigmapApplicationTests]: no resource found for suffixes {-context.xml, Context.groovy}.
01:24:03.211 [Test worker] INFO org.springframework.test.context.support.AnnotationConfigContextLoaderUtils - Could not detect default configuration classes for test class [com.me.angelorum.demo.DemoConfigmapApplicationTests]: DemoConfigmapApplicationTests does not declare any static, non-private, non-final, nested classes annotated with @Configuration.
01:24:03.251 [Test worker] DEBUG org.springframework.test.context.support.ActiveProfilesUtils - Could not find an 'annotation declaring class' for annotation type [org.springframework.test.context.ActiveProfiles] and class [com.me.angelorum.demo.DemoConfigmapApplicationTests]
01:24:03.313 [Test worker] DEBUG org.springframework.context.annotation.ClassPathScanningCandidateComponentProvider - Identified candidate component class: file [/Users/angelorum/workspaces/Github/configmap-demo/build/classes/java/main/com/me/angelorum/demo/DemoConfigmapApplication.class]
01:24:03.326 [Test worker] INFO org.springframework.boot.test.context.SpringBootTestContextBootstrapper - Found @SpringBootConfiguration com.me.angelorum.demo.DemoConfigmapApplication for test class com.me.angelorum.demo.DemoConfigmapApplicationTests
01:24:03.446 [Test worker] DEBUG org.springframework.boot.test.context.SpringBootTestContextBootstrapper - @TestExecutionListeners is not present for class [com.me.angelorum.demo.DemoConfigmapApplicationTests]: using defaults.
01:24:03.447 [Test worker] INFO org.springframework.boot.test.context.SpringBootTestContextBootstrapper - Loaded default TestExecutionListener class names from location [META-INF/spring.factories]: [org.springframework.boot.test.autoconfigure.restdocs.RestDocsTestExecutionListener, org.springframework.boot.test.autoconfigure.web.client.MockRestServiceServerResetTestExecutionListener, org.springframework.boot.test.autoconfigure.web.servlet.MockMvcPrintOnlyOnFailureTestExecutionListener, org.springframework.boot.test.autoconfigure.web.servlet.WebDriverTestExecutionListener, org.springframework.boot.test.autoconfigure.webservices.client.MockWebServiceServerTestExecutionListener, org.springframework.boot.test.mock.mockito.MockitoTestExecutionListener, org.springframework.boot.test.mock.mockito.ResetMocksTestExecutionListener, org.springframework.test.context.web.ServletTestExecutionListener, org.springframework.test.context.support.DirtiesContextBeforeModesTestExecutionListener, org.springframework.test.context.support.DependencyInjectionTestExecutionListener, org.springframework.test.context.support.DirtiesContextTestExecutionListener, org.springframework.test.context.transaction.TransactionalTestExecutionListener, org.springframework.test.context.jdbc.SqlScriptsTestExecutionListener, org.springframework.test.context.event.EventPublishingTestExecutionListener]
01:24:03.459 [Test worker] DEBUG org.springframework.boot.test.context.SpringBootTestContextBootstrapper - Skipping candidate TestExecutionListener [org.springframework.test.context.transaction.TransactionalTestExecutionListener] due to a missing dependency. Specify custom listener classes or make the default listener classes and their required dependencies available. Offending class: [org/springframework/transaction/interceptor/TransactionAttributeSource]
01:24:03.460 [Test worker] DEBUG org.springframework.boot.test.context.SpringBootTestContextBootstrapper - Skipping candidate TestExecutionListener [org.springframework.test.context.jdbc.SqlScriptsTestExecutionListener] due to a missing dependency. Specify custom listener classes or make the default listener classes and their required dependencies available. Offending class: [org/springframework/transaction/interceptor/TransactionAttribute]
01:24:03.461 [Test worker] INFO org.springframework.boot.test.context.SpringBootTestContextBootstrapper - Using TestExecutionListeners: [org.springframework.test.context.web.ServletTestExecutionListener@52d86175, org.springframework.test.context.support.DirtiesContextBeforeModesTestExecutionListener@40e270c6, org.springframework.boot.test.mock.mockito.MockitoTestExecutionListener@78536034, org.springframework.boot.test.autoconfigure.SpringBootDependencyInjectionTestExecutionListener@5e323f6e, org.springframework.test.context.support.DirtiesContextTestExecutionListener@4ff03e14, org.springframework.test.context.event.EventPublishingTestExecutionListener@1c47036c, org.springframework.boot.test.autoconfigure.restdocs.RestDocsTestExecutionListener@7ff69210, org.springframework.boot.test.autoconfigure.web.client.MockRestServiceServerResetTestExecutionListener@30700bcf, org.springframework.boot.test.autoconfigure.web.servlet.MockMvcPrintOnlyOnFailureTestExecutionListener@7e3e834b, org.springframework.boot.test.autoconfigure.web.servlet.WebDriverTestExecutionListener@5a46a383, org.springframework.boot.test.autoconfigure.webservices.client.MockWebServiceServerTestExecutionListener@116bccc9, org.springframework.boot.test.mock.mockito.ResetMocksTestExecutionListener@21758358]
01:24:03.467 [Test worker] DEBUG org.springframework.test.context.support.AbstractDirtiesContextTestExecutionListener - Before test class: context [DefaultTestContext@6ebd49cc testClass = DemoConfigmapApplicationTests, testInstance = [null], testMethod = [null], testException = [null], mergedContextConfiguration = [WebMergedContextConfiguration@53c77af8 testClass = DemoConfigmapApplicationTests, locations = '{}', classes = '{class com.me.angelorum.demo.DemoConfigmapApplication}', contextInitializerClasses = '[]', activeProfiles = '{}', propertySourceLocations = '{}', propertySourceProperties = '{org.springframework.boot.test.context.SpringBootTestContextBootstrapper=true}', contextCustomizers = set[org.springframework.boot.test.autoconfigure.properties.PropertyMappingContextCustomizer@0, org.springframework.boot.test.autoconfigure.web.servlet.WebDriverContextCustomizerFactory$Customizer@3470cc97, org.springframework.boot.test.context.filter.ExcludeFilterContextCustomizer@460811e2, org.springframework.boot.test.json.DuplicateJsonObjectContextCustomizerFactory$DuplicateJsonObjectContextCustomizer@11d157a1, org.springframework.boot.test.mock.mockito.MockitoContextCustomizer@0, org.springframework.boot.test.web.client.TestRestTemplateContextCustomizer@2477ed07, org.springframework.boot.test.context.SpringBootTestArgs@1], resourceBasePath = 'src/main/webapp', contextLoader = 'org.springframework.boot.test.context.SpringBootContextLoader', parent = [null]], attributes = map['org.springframework.test.context.web.ServletTestExecutionListener.activateListener' -> true]], class annotated with @DirtiesContext [false] with mode [null].
01:24:03.507 [Test worker] DEBUG org.springframework.test.context.support.TestPropertySourceUtils - Adding inlined properties to environment: {spring.jmx.enabled=false, org.springframework.boot.test.context.SpringBootTestContextBootstrapper=true}

  .   ____          _            __ _ _
 /\\ / ___'_ __ _ _(_)_ __  __ _ \ \ \ \
( ( )\___ | '_ | '_| | '_ \/ _` | \ \ \ \
 \\/  ___)| |_)| | | | | || (_| |  ) ) ) )
  '  |____| .__|_| |_|_| |_\__, | / / / /
 =========|_|==============|___/=/_/_/_/
 :: Spring Boot ::        (v2.3.4.RELEASE)

2020-10-16 01:24:08.864  INFO 74203 --- [    Test worker] c.m.a.d.DemoConfigmapApplicationTests    : Starting DemoConfigmapApplicationTests on MBP.local with PID 74203 (started by angelorum in /Users/angelorum/workspaces/Github/configmap-demo)
2020-10-16 01:24:08.866  INFO 74203 --- [    Test worker] c.m.a.d.DemoConfigmapApplicationTests    : No active profile set, falling back to default profiles: default
2020-10-16 01:24:10.178  INFO 74203 --- [    Test worker] o.s.s.concurrent.ThreadPoolTaskExecutor  : Initializing ExecutorService 'applicationTaskExecutor'
2020-10-16 01:24:10.502  INFO 74203 --- [    Test worker] c.m.a.d.DemoConfigmapApplicationTests    : Started DemoConfigmapApplicationTests in 6.981 seconds (JVM running for 8.299)
]]></system-out>
  <system-err><![CDATA[]]></system-err>
</testsuite>
